<?xml version="1.0" encoding="UTF-8"?>
<testsuites>

]]></system-err>
    </testcase>
  </testsuite>
</testsuites>