<?xml version="1.0" encoding="UTF-8"?>
<testsuites>
  <testsuite name="Verify Benificiary page" timestamp="2023-11-21T16:19:21" time="11.006" tests="1" failures="1" errors="1" skipped="0">
    <properties>
      <property name="specId" value="0"/>
      <property name="suiteName" value="Verify Benificiary page"/>
      <property name="capabilities" value="android.r5ct30mka9t"/>
      <property name="file" value="file://./test/specs/beneficiary.js"/>
    </properties>
    <testcase classname="android.r5ct30mka9t.Verify_Benificiary_page" name="add beneficiary" time="11.003">
      <failure/>
      <error message="Can't call click on element with selector &quot;android=new UiSelector().descriptionContains(&quot;Beneficiary&quot;)&quot; because element wasn't found"/>
      <system-out><![CDATA[
COMMAND: POST /session/87f516beb1c3e91c254540208fa09a6c7b60defe/execute/sync - {"script":"browserstack_executor: {\"action\":\"annotate\",\"arguments\":{\"data\":\"Test: add beneficiary\",\"level\":\"info\"}}","args":[]}
RESULT: {"script":"browserstack_executor: {\"action\":\"annotate\",\"arguments\":{\"data\":\"Test: add beneficiary\",\"level\":\"info\"}}","args":[]}
COMMAND: POST /session/87f516beb1c3e91c254540208fa09a6c7b60defe/element - {"using":"-android uiautomator","value":"new UiSelector().descriptionContains(\"Beneficiary\")"}
RESULT: {"using":"-android uiautomator","value":"new UiSelector().descriptionContains(\"Beneficiary\")"}
COMMAND: POST /session/87f516beb1c3e91c254540208fa09a6c7b60defe/elements - {"using":"-android uiautomator","value":"new UiSelector().descriptionContains(\"Beneficiary\")"}
RESULT: {"using":"-android uiautomator","value":"new UiSelector().descriptionContains(\"Beneficiary\")"}
COMMAND: POST /session/87f516beb1c3e91c254540208fa09a6c7b60defe/elements - {"using":"-android uiautomator","value":"new UiSelector().descriptionContains(\"Beneficiary\")"}
RESULT: {"using":"-android uiautomator","value":"new UiSelector().descriptionContains(\"Beneficiary\")"}
COMMAND: POST /session/87f516beb1c3e91c254540208fa09a6c7b60defe/elements - {"using":"-android uiautomator","value":"new UiSelector().descriptionContains(\"Beneficiary\")"}
RESULT: {"using":"-android uiautomator","value":"new UiSelector().descriptionContains(\"Beneficiary\")"}
COMMAND: POST /session/87f516beb1c3e91c254540208fa09a6c7b60defe/elements - {"using":"-android uiautomator","value":"new UiSelector().descriptionContains(\"Beneficiary\")"}
RESULT: {"using":"-android uiautomator","value":"new UiSelector().descriptionContains(\"Beneficiary\")"}
COMMAND: POST /session/87f516beb1c3e91c254540208fa09a6c7b60defe/elements - {"using":"-android uiautomator","value":"new UiSelector().descriptionContains(\"Beneficiary\")"}
RESULT: {"using":"-android uiautomator","value":"new UiSelector().descriptionContains(\"Beneficiary\")"}
COMMAND: POST /session/87f516beb1c3e91c254540208fa09a6c7b60defe/elements - {"using":"-android uiautomator","value":"new UiSelector().descriptionContains(\"Beneficiary\")"}
RESULT: {"using":"-android uiautomator","value":"new UiSelector().descriptionContains(\"Beneficiary\")"}
COMMAND: POST /session/87f516beb1c3e91c254540208fa09a6c7b60defe/elements - {"using":"-android uiautomator","value":"new UiSelector().descriptionContains(\"Beneficiary\")"}
RESULT: {"using":"-android uiautomator","value":"new UiSelector().descriptionContains(\"Beneficiary\")"}
COMMAND: POST /session/87f516beb1c3e91c254540208fa09a6c7b60defe/elements - {"using":"-android uiautomator","value":"new UiSelector().descriptionContains(\"Beneficiary\")"}
RESULT: {"using":"-android uiautomator","value":"new UiSelector().descriptionContains(\"Beneficiary\")"}
COMMAND: POST /session/87f516beb1c3e91c254540208fa09a6c7b60defe/elements - {"using":"-android uiautomator","value":"new UiSelector().descriptionContains(\"Beneficiary\")"}
RESULT: {"using":"-android uiautomator","value":"new UiSelector().descriptionContains(\"Beneficiary\")"}
COMMAND: POST /session/87f516beb1c3e91c254540208fa09a6c7b60defe/elements - {"using":"-android uiautomator","value":"new UiSelector().descriptionContains(\"Beneficiary\")"}
RESULT: {"using":"-android uiautomator","value":"new UiSelector().descriptionContains(\"Beneficiary\")"}
COMMAND: POST /session/87f516beb1c3e91c254540208fa09a6c7b60defe/elements - {"using":"-android uiautomator","value":"new UiSelector().descriptionContains(\"Beneficiary\")"}
RESULT: {"using":"-android uiautomator","value":"new UiSelector().descriptionContains(\"Beneficiary\")"}
COMMAND: POST /session/87f516beb1c3e91c254540208fa09a6c7b60defe/elements - {"using":"-android uiautomator","value":"new UiSelector().descriptionContains(\"Beneficiary\")"}
RESULT: {"using":"-android uiautomator","value":"new UiSelector().descriptionContains(\"Beneficiary\")"}
COMMAND: POST /session/87f516beb1c3e91c254540208fa09a6c7b60defe/elements - {"using":"-android uiautomator","value":"new UiSelector().descriptionContains(\"Beneficiary\")"}
RESULT: {"using":"-android uiautomator","value":"new UiSelector().descriptionContains(\"Beneficiary\")"}
COMMAND: POST /session/87f516beb1c3e91c254540208fa09a6c7b60defe/elements - {"using":"-android uiautomator","value":"new UiSelector().descriptionContains(\"Beneficiary\")"}
RESULT: {"using":"-android uiautomator","value":"new UiSelector().descriptionContains(\"Beneficiary\")"}
COMMAND: POST /session/87f516beb1c3e91c254540208fa09a6c7b60defe/elements - {"using":"-android uiautomator","value":"new UiSelector().descriptionContains(\"Beneficiary\")"}
RESULT: {"using":"-android uiautomator","value":"new UiSelector().descriptionContains(\"Beneficiary\")"}
COMMAND: POST /session/87f516beb1c3e91c254540208fa09a6c7b60defe/elements - {"using":"-android uiautomator","value":"new UiSelector().descriptionContains(\"Beneficiary\")"}
RESULT: {"using":"-android uiautomator","value":"new UiSelector().descriptionContains(\"Beneficiary\")"}
COMMAND: POST /session/87f516beb1c3e91c254540208fa09a6c7b60defe/elements - {"using":"-android uiautomator","value":"new UiSelector().descriptionContains(\"Beneficiary\")"}
RESULT: {"using":"-android uiautomator","value":"new UiSelector().descriptionContains(\"Beneficiary\")"}
COMMAND: POST /session/87f516beb1c3e91c254540208fa09a6c7b60defe/elements - {"using":"-android uiautomator","value":"new UiSelector().descriptionContains(\"Beneficiary\")"}
RESULT: {"using":"-android uiautomator","value":"new UiSelector().descriptionContains(\"Beneficiary\")"}
COMMAND: POST /session/87f516beb1c3e91c254540208fa09a6c7b60defe/elements - {"using":"-android uiautomator","value":"new UiSelector().descriptionContains(\"Beneficiary\")"}
RESULT: {"using":"-android uiautomator","value":"new UiSelector().descriptionContains(\"Beneficiary\")"}
COMMAND: POST /session/87f516beb1c3e91c254540208fa09a6c7b60defe/elements - {"using":"-android uiautomator","value":"new UiSelector().descriptionContains(\"Beneficiary\")"}
RESULT: {"using":"-android uiautomator","value":"new UiSelector().descriptionContains(\"Beneficiary\")"}
COMMAND: DELETE /session/87f516beb1c3e91c254540208fa09a6c7b60defe - {}
RESULT: {}
]]></system-out>
      <system-err><![CDATA[
Error: Can't call click on element with selector "android=new UiSelector().descriptionContains("Beneficiary")" because element wasn't found
    at async BeneficiaryPage.clickBeneficiaryBtn (file:///Users/apple/Documents/Frameworks/remitOneJS/remitone-app-automation/test/pageobjects/beneficiary.page.js:77:9)
    at async Context.<anonymous> (file:///Users/apple/Documents/Frameworks/remitOneJS/remitone-app-automation/test/specs/beneficiary.js?invalidateCache=0.4434410651856455:10:9)
]]></system-err>
    </testcase>
  </testsuite>
</testsuites>