<?xml version="1.0" encoding="UTF-8"?>
<testsuites>
  <testsuite name="User Login" timestamp="2023-11-24T17:39:58" time="13.544" tests="1" failures="1" errors="1" skipped="0">
    <properties>
      <property name="specId" value="0"/>
      <property name="suiteName" value="User Login"/>
      <property name="capabilities" value="android.r5ct31ahl6w"/>
      <property name="file" value="file:///C:/Users/sneha/Desktop/remit-automation-app/remitone-app-automation/test/specs/test.e2e.js"/>
    </properties>
    <testcase classname="android.r5ct31ahl6w.User_Login" name="User should login with valid credentials" time="13.535">
      <failure/>
      <error message="Can't call click on element with selector &quot;android=new UiSelector().textContains(&quot;Email Address &quot;)&quot; because element wasn't found"/>
      <system-out><![CDATA[
COMMAND: POST /session/6f444759c169759b4636aef848dff4d70cec2189/execute/sync - {"script":"browserstack_executor: {\"action\":\"annotate\",\"arguments\":{\"data\":\"Test: User should login with valid credentials\",\"level\":\"info\"}}","args":[]}
RESULT: {"script":"browserstack_executor: {\"action\":\"annotate\",\"arguments\":{\"data\":\"Test: User should login with valid credentials\",\"level\":\"info\"}}","args":[]}
COMMAND: POST /session/6f444759c169759b4636aef848dff4d70cec2189/element - {"using":"-android uiautomator","value":"new UiSelector().description(\"Existing User? Login\")"}
RESULT: {"using":"-android uiautomator","value":"new UiSelector().description(\"Existing User? Login\")"}
COMMAND: POST /session/6f444759c169759b4636aef848dff4d70cec2189/elements - {"using":"-android uiautomator","value":"new UiSelector().description(\"Existing User? Login\")"}
RESULT: {"using":"-android uiautomator","value":"new UiSelector().description(\"Existing User? Login\")"}
COMMAND: POST /session/6f444759c169759b4636aef848dff4d70cec2189/element - {"using":"-android uiautomator","value":"new UiSelector().description(\"Existing User? Login\")"}
RESULT: {"using":"-android uiautomator","value":"new UiSelector().description(\"Existing User? Login\")"}
COMMAND: POST /session/6f444759c169759b4636aef848dff4d70cec2189/element/05dbeb4e-7140-4bf3-adc0-efb981cd6252/click - {}
RESULT: {}
COMMAND: POST /session/6f444759c169759b4636aef848dff4d70cec2189/element - {"using":"-android uiautomator","value":"new UiSelector().textContains(\"Email Address \")"}
RESULT: {"using":"-android uiautomator","value":"new UiSelector().textContains(\"Email Address \")"}
COMMAND: POST /session/6f444759c169759b4636aef848dff4d70cec2189/elements - {"using":"-android uiautomator","value":"new UiSelector().textContains(\"Email Address \")"}
RESULT: {"using":"-android uiautomator","value":"new UiSelector().textContains(\"Email Address \")"}
COMMAND: POST /session/6f444759c169759b4636aef848dff4d70cec2189/elements - {"using":"-android uiautomator","value":"new UiSelector().textContains(\"Email Address \")"}
RESULT: {"using":"-android uiautomator","value":"new UiSelector().textContains(\"Email Address \")"}
COMMAND: POST /session/6f444759c169759b4636aef848dff4d70cec2189/elements - {"using":"-android uiautomator","value":"new UiSelector().textContains(\"Email Address \")"}
RESULT: {"using":"-android uiautomator","value":"new UiSelector().textContains(\"Email Address \")"}
COMMAND: POST /session/6f444759c169759b4636aef848dff4d70cec2189/elements - {"using":"-android uiautomator","value":"new UiSelector().textContains(\"Email Address \")"}
RESULT: {"using":"-android uiautomator","value":"new UiSelector().textContains(\"Email Address \")"}
COMMAND: POST /session/6f444759c169759b4636aef848dff4d70cec2189/elements - {"using":"-android uiautomator","value":"new UiSelector().textContains(\"Email Address \")"}
RESULT: {"using":"-android uiautomator","value":"new UiSelector().textContains(\"Email Address \")"}
COMMAND: POST /session/6f444759c169759b4636aef848dff4d70cec2189/elements - {"using":"-android uiautomator","value":"new UiSelector().textContains(\"Email Address \")"}
RESULT: {"using":"-android uiautomator","value":"new UiSelector().textContains(\"Email Address \")"}
COMMAND: POST /session/6f444759c169759b4636aef848dff4d70cec2189/elements - {"using":"-android uiautomator","value":"new UiSelector().textContains(\"Email Address \")"}
RESULT: {"using":"-android uiautomator","value":"new UiSelector().textContains(\"Email Address \")"}
COMMAND: POST /session/6f444759c169759b4636aef848dff4d70cec2189/elements - {"using":"-android uiautomator","value":"new UiSelector().textContains(\"Email Address \")"}
RESULT: {"using":"-android uiautomator","value":"new UiSelector().textContains(\"Email Address \")"}
COMMAND: POST /session/6f444759c169759b4636aef848dff4d70cec2189/elements - {"using":"-android uiautomator","value":"new UiSelector().textContains(\"Email Address \")"}
RESULT: {"using":"-android uiautomator","value":"new UiSelector().textContains(\"Email Address \")"}
COMMAND: POST /session/6f444759c169759b4636aef848dff4d70cec2189/elements - {"using":"-android uiautomator","value":"new UiSelector().textContains(\"Email Address \")"}
RESULT: {"using":"-android uiautomator","value":"new UiSelector().textContains(\"Email Address \")"}
COMMAND: POST /session/6f444759c169759b4636aef848dff4d70cec2189/elements - {"using":"-android uiautomator","value":"new UiSelector().textContains(\"Email Address \")"}
RESULT: {"using":"-android uiautomator","value":"new UiSelector().textContains(\"Email Address \")"}
COMMAND: POST /session/6f444759c169759b4636aef848dff4d70cec2189/elements - {"using":"-android uiautomator","value":"new UiSelector().textContains(\"Email Address \")"}
RESULT: {"using":"-android uiautomator","value":"new UiSelector().textContains(\"Email Address \")"}
COMMAND: POST /session/6f444759c169759b4636aef848dff4d70cec2189/elements - {"using":"-android uiautomator","value":"new UiSelector().textContains(\"Email Address \")"}
RESULT: {"using":"-android uiautomator","value":"new UiSelector().textContains(\"Email Address \")"}
COMMAND: POST /session/6f444759c169759b4636aef848dff4d70cec2189/elements - {"using":"-android uiautomator","value":"new UiSelector().textContains(\"Email Address \")"}
RESULT: {"using":"-android uiautomator","value":"new UiSelector().textContains(\"Email Address \")"}
COMMAND: POST /session/6f444759c169759b4636aef848dff4d70cec2189/elements - {"using":"-android uiautomator","value":"new UiSelector().textContains(\"Email Address \")"}
RESULT: {"using":"-android uiautomator","value":"new UiSelector().textContains(\"Email Address \")"}
COMMAND: POST /session/6f444759c169759b4636aef848dff4d70cec2189/elements - {"using":"-android uiautomator","value":"new UiSelector().textContains(\"Email Address \")"}
RESULT: {"using":"-android uiautomator","value":"new UiSelector().textContains(\"Email Address \")"}
COMMAND: POST /session/6f444759c169759b4636aef848dff4d70cec2189/elements - {"using":"-android uiautomator","value":"new UiSelector().textContains(\"Email Address \")"}
RESULT: {"using":"-android uiautomator","value":"new UiSelector().textContains(\"Email Address \")"}
COMMAND: POST /session/6f444759c169759b4636aef848dff4d70cec2189/elements - {"using":"-android uiautomator","value":"new UiSelector().textContains(\"Email Address \")"}
RESULT: {"using":"-android uiautomator","value":"new UiSelector().textContains(\"Email Address \")"}
COMMAND: POST /session/6f444759c169759b4636aef848dff4d70cec2189/elements - {"using":"-android uiautomator","value":"new UiSelector().textContains(\"Email Address \")"}
RESULT: {"using":"-android uiautomator","value":"new UiSelector().textContains(\"Email Address \")"}
COMMAND: POST /session/6f444759c169759b4636aef848dff4d70cec2189/elements - {"using":"-android uiautomator","value":"new UiSelector().textContains(\"Email Address \")"}
RESULT: {"using":"-android uiautomator","value":"new UiSelector().textContains(\"Email Address \")"}
]]></system-out>
      <system-err><![CDATA[
Error: Can't call click on element with selector "android=new UiSelector().textContains("Email Address ")" because element wasn't found
    at async LoginPage.login (file:///C:/Users/sneha/Desktop/remit-automation-app/remitone-app-automation/test/pageobjects/login.page.js:66:9)
    at async Context.<anonymous> (file:///C:/Users/sneha/Desktop/remit-automation-app/remitone-app-automation/test/specs/test.e2e.js?invalidateCache=0.18430654694137516:7:9)
]]></system-err>
    </testcase>
  </testsuite>
  <testsuite name="User logout" timestamp="2023-11-24T17:40:12" time="10.74" tests="1" failures="1" errors="1" skipped="0">
    <properties>
      <property name="specId" value="0"/>
      <property name="suiteName" value="User logout"/>
      <property name="capabilities" value="android.r5ct31ahl6w"/>
      <property name="file" value="file:///C:/Users/sneha/Desktop/remit-automation-app/remitone-app-automation/test/specs/test.e2e.js"/>
    </properties>
    <testcase classname="android.r5ct31ahl6w.User_logout" name="User should be able to logout" time="10.737">
      <failure/>
      <error message="Can't call click on element with selector &quot;android=new UiSelector().description(&quot;Existing User? Login&quot;)&quot; because element wasn't found"/>
      <system-out><![CDATA[
COMMAND: POST /session/6f444759c169759b4636aef848dff4d70cec2189/execute/sync - {"script":"browserstack_executor: {\"action\":\"annotate\",\"arguments\":{\"data\":\"Test: User should be able to logout \",\"level\":\"info\"}}","args":[]}
RESULT: {"script":"browserstack_executor: {\"action\":\"annotate\",\"arguments\":{\"data\":\"Test: User should be able to logout \",\"level\":\"info\"}}","args":[]}
COMMAND: POST /session/6f444759c169759b4636aef848dff4d70cec2189/element - {"using":"-android uiautomator","value":"new UiSelector().description(\"Existing User? Login\")"}
RESULT: {"using":"-android uiautomator","value":"new UiSelector().description(\"Existing User? Login\")"}
COMMAND: POST /session/6f444759c169759b4636aef848dff4d70cec2189/elements - {"using":"-android uiautomator","value":"new UiSelector().description(\"Existing User? Login\")"}
RESULT: {"using":"-android uiautomator","value":"new UiSelector().description(\"Existing User? Login\")"}
COMMAND: POST /session/6f444759c169759b4636aef848dff4d70cec2189/elements - {"using":"-android uiautomator","value":"new UiSelector().description(\"Existing User? Login\")"}
RESULT: {"using":"-android uiautomator","value":"new UiSelector().description(\"Existing User? Login\")"}
COMMAND: POST /session/6f444759c169759b4636aef848dff4d70cec2189/elements - {"using":"-android uiautomator","value":"new UiSelector().description(\"Existing User? Login\")"}
RESULT: {"using":"-android uiautomator","value":"new UiSelector().description(\"Existing User? Login\")"}
COMMAND: POST /session/6f444759c169759b4636aef848dff4d70cec2189/elements - {"using":"-android uiautomator","value":"new UiSelector().description(\"Existing User? Login\")"}
RESULT: {"using":"-android uiautomator","value":"new UiSelector().description(\"Existing User? Login\")"}
COMMAND: POST /session/6f444759c169759b4636aef848dff4d70cec2189/elements - {"using":"-android uiautomator","value":"new UiSelector().description(\"Existing User? Login\")"}
RESULT: {"using":"-android uiautomator","value":"new UiSelector().description(\"Existing User? Login\")"}
COMMAND: POST /session/6f444759c169759b4636aef848dff4d70cec2189/elements - {"using":"-android uiautomator","value":"new UiSelector().description(\"Existing User? Login\")"}
RESULT: {"using":"-android uiautomator","value":"new UiSelector().description(\"Existing User? Login\")"}
COMMAND: POST /session/6f444759c169759b4636aef848dff4d70cec2189/elements - {"using":"-android uiautomator","value":"new UiSelector().description(\"Existing User? Login\")"}
RESULT: {"using":"-android uiautomator","value":"new UiSelector().description(\"Existing User? Login\")"}
COMMAND: POST /session/6f444759c169759b4636aef848dff4d70cec2189/elements - {"using":"-android uiautomator","value":"new UiSelector().description(\"Existing User? Login\")"}
RESULT: {"using":"-android uiautomator","value":"new UiSelector().description(\"Existing User? Login\")"}
COMMAND: POST /session/6f444759c169759b4636aef848dff4d70cec2189/elements - {"using":"-android uiautomator","value":"new UiSelector().description(\"Existing User? Login\")"}
RESULT: {"using":"-android uiautomator","value":"new UiSelector().description(\"Existing User? Login\")"}
COMMAND: POST /session/6f444759c169759b4636aef848dff4d70cec2189/elements - {"using":"-android uiautomator","value":"new UiSelector().description(\"Existing User? Login\")"}
RESULT: {"using":"-android uiautomator","value":"new UiSelector().description(\"Existing User? Login\")"}
COMMAND: POST /session/6f444759c169759b4636aef848dff4d70cec2189/elements - {"using":"-android uiautomator","value":"new UiSelector().description(\"Existing User? Login\")"}
RESULT: {"using":"-android uiautomator","value":"new UiSelector().description(\"Existing User? Login\")"}
COMMAND: POST /session/6f444759c169759b4636aef848dff4d70cec2189/elements - {"using":"-android uiautomator","value":"new UiSelector().description(\"Existing User? Login\")"}
RESULT: {"using":"-android uiautomator","value":"new UiSelector().description(\"Existing User? Login\")"}
COMMAND: POST /session/6f444759c169759b4636aef848dff4d70cec2189/elements - {"using":"-android uiautomator","value":"new UiSelector().description(\"Existing User? Login\")"}
RESULT: {"using":"-android uiautomator","value":"new UiSelector().description(\"Existing User? Login\")"}
COMMAND: POST /session/6f444759c169759b4636aef848dff4d70cec2189/elements - {"using":"-android uiautomator","value":"new UiSelector().description(\"Existing User? Login\")"}
RESULT: {"using":"-android uiautomator","value":"new UiSelector().description(\"Existing User? Login\")"}
COMMAND: POST /session/6f444759c169759b4636aef848dff4d70cec2189/elements - {"using":"-android uiautomator","value":"new UiSelector().description(\"Existing User? Login\")"}
RESULT: {"using":"-android uiautomator","value":"new UiSelector().description(\"Existing User? Login\")"}
COMMAND: POST /session/6f444759c169759b4636aef848dff4d70cec2189/elements - {"using":"-android uiautomator","value":"new UiSelector().description(\"Existing User? Login\")"}
RESULT: {"using":"-android uiautomator","value":"new UiSelector().description(\"Existing User? Login\")"}
COMMAND: POST /session/6f444759c169759b4636aef848dff4d70cec2189/elements - {"using":"-android uiautomator","value":"new UiSelector().description(\"Existing User? Login\")"}
RESULT: {"using":"-android uiautomator","value":"new UiSelector().description(\"Existing User? Login\")"}
COMMAND: POST /session/6f444759c169759b4636aef848dff4d70cec2189/elements - {"using":"-android uiautomator","value":"new UiSelector().description(\"Existing User? Login\")"}
RESULT: {"using":"-android uiautomator","value":"new UiSelector().description(\"Existing User? Login\")"}
COMMAND: POST /session/6f444759c169759b4636aef848dff4d70cec2189/elements - {"using":"-android uiautomator","value":"new UiSelector().description(\"Existing User? Login\")"}
RESULT: {"using":"-android uiautomator","value":"new UiSelector().description(\"Existing User? Login\")"}
COMMAND: POST /session/6f444759c169759b4636aef848dff4d70cec2189/elements - {"using":"-android uiautomator","value":"new UiSelector().description(\"Existing User? Login\")"}
RESULT: {"using":"-android uiautomator","value":"new UiSelector().description(\"Existing User? Login\")"}
COMMAND: DELETE /session/6f444759c169759b4636aef848dff4d70cec2189 - {}
RESULT: {}
]]></system-out>
      <system-err><![CDATA[
Error: Can't call click on element with selector "android=new UiSelector().description("Existing User? Login")" because element wasn't found
    at async LoginPage.clickLoginBtn (file:///C:/Users/sneha/Desktop/remit-automation-app/remitone-app-automation/test/pageobjects/login.page.js:62:9)
    at async Context.<anonymous> (file:///C:/Users/sneha/Desktop/remit-automation-app/remitone-app-automation/test/specs/test.e2e.js?invalidateCache=0.18430654694137516:17:9)
]]></system-err>
    </testcase>
  </testsuite>
</testsuites>